[0.724s] Invoking command in '/home/o-gee/Documents/Project-DBRIS/Code/ros2_ws/src/dbris_controller': PYTHONPATH=/home/o-gee/Documents/Project-DBRIS/Code/ros2_ws/build/dbris_controller/prefix_override:/home/o-gee/Documents/Project-DBRIS/Code/ros2_ws/install/dbris_controller/lib/python3.10/site-packages:${PYTHONPATH} /usr/bin/python3 setup.py egg_info --egg-base ../../build/dbris_controller build --build-base /home/o-gee/Documents/Project-DBRIS/Code/ros2_ws/build/dbris_controller/build install --record /home/o-gee/Documents/Project-DBRIS/Code/ros2_ws/build/dbris_controller/install.log --single-version-externally-managed
[0.949s] running egg_info
[0.949s] writing ../../build/dbris_controller/dbris_controller.egg-info/PKG-INFO
[0.950s] writing dependency_links to ../../build/dbris_controller/dbris_controller.egg-info/dependency_links.txt
[0.950s] writing entry points to ../../build/dbris_controller/dbris_controller.egg-info/entry_points.txt
[0.950s] writing requirements to ../../build/dbris_controller/dbris_controller.egg-info/requires.txt
[0.951s] writing top-level names to ../../build/dbris_controller/dbris_controller.egg-info/top_level.txt
[0.953s] reading manifest file '../../build/dbris_controller/dbris_controller.egg-info/SOURCES.txt'
[0.955s] writing manifest file '../../build/dbris_controller/dbris_controller.egg-info/SOURCES.txt'
[0.955s] running build
[0.955s] running build_py
[0.955s] copying dbris_controller/my_first_node.py -> /home/o-gee/Documents/Project-DBRIS/Code/ros2_ws/build/dbris_controller/build/lib/dbris_controller
[0.955s] running install
[0.956s] running install_lib
[0.957s] copying /home/o-gee/Documents/Project-DBRIS/Code/ros2_ws/build/dbris_controller/build/lib/dbris_controller/my_first_node.py -> /home/o-gee/Documents/Project-DBRIS/Code/ros2_ws/install/dbris_controller/lib/python3.10/site-packages/dbris_controller
[0.957s] byte-compiling /home/o-gee/Documents/Project-DBRIS/Code/ros2_ws/install/dbris_controller/lib/python3.10/site-packages/dbris_controller/my_first_node.py to my_first_node.cpython-310.pyc
[0.958s] running install_data
[0.958s] running install_egg_info
[0.960s] removing '/home/o-gee/Documents/Project-DBRIS/Code/ros2_ws/install/dbris_controller/lib/python3.10/site-packages/dbris_controller-0.0.0-py3.10.egg-info' (and everything under it)
[0.960s] Copying ../../build/dbris_controller/dbris_controller.egg-info to /home/o-gee/Documents/Project-DBRIS/Code/ros2_ws/install/dbris_controller/lib/python3.10/site-packages/dbris_controller-0.0.0-py3.10.egg-info
[0.962s] running install_scripts
[0.980s] Installing test_node script to /home/o-gee/Documents/Project-DBRIS/Code/ros2_ws/install/dbris_controller/lib/dbris_controller
[0.980s] writing list of installed files to '/home/o-gee/Documents/Project-DBRIS/Code/ros2_ws/build/dbris_controller/install.log'
[1.011s] Invoked command in '/home/o-gee/Documents/Project-DBRIS/Code/ros2_ws/src/dbris_controller' returned '0': PYTHONPATH=/home/o-gee/Documents/Project-DBRIS/Code/ros2_ws/build/dbris_controller/prefix_override:/home/o-gee/Documents/Project-DBRIS/Code/ros2_ws/install/dbris_controller/lib/python3.10/site-packages:${PYTHONPATH} /usr/bin/python3 setup.py egg_info --egg-base ../../build/dbris_controller build --build-base /home/o-gee/Documents/Project-DBRIS/Code/ros2_ws/build/dbris_controller/build install --record /home/o-gee/Documents/Project-DBRIS/Code/ros2_ws/build/dbris_controller/install.log --single-version-externally-managed
