running egg_info
creating ../../build/dbris_controller/dbris_controller.egg-info
writing ../../build/dbris_controller/dbris_controller.egg-info/PKG-INFO
writing dependency_links to ../../build/dbris_controller/dbris_controller.egg-info/dependency_links.txt
writing entry points to ../../build/dbris_controller/dbris_controller.egg-info/entry_points.txt
writing requirements to ../../build/dbris_controller/dbris_controller.egg-info/requires.txt
writing top-level names to ../../build/dbris_controller/dbris_controller.egg-info/top_level.txt
writing manifest file '../../build/dbris_controller/dbris_controller.egg-info/SOURCES.txt'
reading manifest file '../../build/dbris_controller/dbris_controller.egg-info/SOURCES.txt'
writing manifest file '../../build/dbris_controller/dbris_controller.egg-info/SOURCES.txt'
running build
running build_py
creating /home/o-gee/Documents/Project-DBRIS/Code/ros2_ws/build/dbris_controller/build
creating /home/o-gee/Documents/Project-DBRIS/Code/ros2_ws/build/dbris_controller/build/lib
creating /home/o-gee/Documents/Project-DBRIS/Code/ros2_ws/build/dbris_controller/build/lib/dbris_controller
copying dbris_controller/__init__.py -> /home/o-gee/Documents/Project-DBRIS/Code/ros2_ws/build/dbris_controller/build/lib/dbris_controller
running install
running install_lib
creating /home/o-gee/Documents/Project-DBRIS/Code/ros2_ws/install/dbris_controller/lib/python3.10/site-packages/dbris_controller
copying /home/o-gee/Documents/Project-DBRIS/Code/ros2_ws/build/dbris_controller/build/lib/dbris_controller/__init__.py -> /home/o-gee/Documents/Project-DBRIS/Code/ros2_ws/install/dbris_controller/lib/python3.10/site-packages/dbris_controller
byte-compiling /home/o-gee/Documents/Project-DBRIS/Code/ros2_ws/install/dbris_controller/lib/python3.10/site-packages/dbris_controller/__init__.py to __init__.cpython-310.pyc
running install_data
creating /home/o-gee/Documents/Project-DBRIS/Code/ros2_ws/install/dbris_controller/share/ament_index
creating /home/o-gee/Documents/Project-DBRIS/Code/ros2_ws/install/dbris_controller/share/ament_index/resource_index
creating /home/o-gee/Documents/Project-DBRIS/Code/ros2_ws/install/dbris_controller/share/ament_index/resource_index/packages
copying resource/dbris_controller -> /home/o-gee/Documents/Project-DBRIS/Code/ros2_ws/install/dbris_controller/share/ament_index/resource_index/packages
copying package.xml -> /home/o-gee/Documents/Project-DBRIS/Code/ros2_ws/install/dbris_controller/share/dbris_controller
running install_egg_info
Copying ../../build/dbris_controller/dbris_controller.egg-info to /home/o-gee/Documents/Project-DBRIS/Code/ros2_ws/install/dbris_controller/lib/python3.10/site-packages/dbris_controller-0.0.0-py3.10.egg-info
running install_scripts
writing list of installed files to '/home/o-gee/Documents/Project-DBRIS/Code/ros2_ws/build/dbris_controller/install.log'
