[0.944s] Invoking command in '/home/o-gee/Documents/Project-DBRIS/Code/ros2_ws/src/dbris_controller': PYTHONPATH=/home/o-gee/Documents/Project-DBRIS/Code/ros2_ws/build/dbris_controller/prefix_override:/home/o-gee/Documents/Project-DBRIS/Code/ros2_ws/install/dbris_controller/lib/python3.10/site-packages:${PYTHONPATH} /usr/bin/python3 setup.py egg_info --egg-base ../../build/dbris_controller build --build-base /home/o-gee/Documents/Project-DBRIS/Code/ros2_ws/build/dbris_controller/build install --record /home/o-gee/Documents/Project-DBRIS/Code/ros2_ws/build/dbris_controller/install.log --single-version-externally-managed
[1.227s] running egg_info
[1.228s] creating ../../build/dbris_controller/dbris_controller.egg-info
[1.228s] writing ../../build/dbris_controller/dbris_controller.egg-info/PKG-INFO
[1.229s] writing dependency_links to ../../build/dbris_controller/dbris_controller.egg-info/dependency_links.txt
[1.229s] writing entry points to ../../build/dbris_controller/dbris_controller.egg-info/entry_points.txt
[1.229s] writing requirements to ../../build/dbris_controller/dbris_controller.egg-info/requires.txt
[1.229s] writing top-level names to ../../build/dbris_controller/dbris_controller.egg-info/top_level.txt
[1.229s] writing manifest file '../../build/dbris_controller/dbris_controller.egg-info/SOURCES.txt'
[1.232s] reading manifest file '../../build/dbris_controller/dbris_controller.egg-info/SOURCES.txt'
[1.234s] writing manifest file '../../build/dbris_controller/dbris_controller.egg-info/SOURCES.txt'
[1.234s] running build
[1.237s] running build_py
[1.237s] creating /home/o-gee/Documents/Project-DBRIS/Code/ros2_ws/build/dbris_controller/build
[1.238s] creating /home/o-gee/Documents/Project-DBRIS/Code/ros2_ws/build/dbris_controller/build/lib
[1.238s] creating /home/o-gee/Documents/Project-DBRIS/Code/ros2_ws/build/dbris_controller/build/lib/dbris_controller
[1.238s] copying dbris_controller/__init__.py -> /home/o-gee/Documents/Project-DBRIS/Code/ros2_ws/build/dbris_controller/build/lib/dbris_controller
[1.238s] running install
[1.239s] running install_lib
[1.239s] creating /home/o-gee/Documents/Project-DBRIS/Code/ros2_ws/install/dbris_controller/lib/python3.10/site-packages/dbris_controller
[1.239s] copying /home/o-gee/Documents/Project-DBRIS/Code/ros2_ws/build/dbris_controller/build/lib/dbris_controller/__init__.py -> /home/o-gee/Documents/Project-DBRIS/Code/ros2_ws/install/dbris_controller/lib/python3.10/site-packages/dbris_controller
[1.239s] byte-compiling /home/o-gee/Documents/Project-DBRIS/Code/ros2_ws/install/dbris_controller/lib/python3.10/site-packages/dbris_controller/__init__.py to __init__.cpython-310.pyc
[1.239s] running install_data
[1.239s] creating /home/o-gee/Documents/Project-DBRIS/Code/ros2_ws/install/dbris_controller/share/ament_index
[1.239s] creating /home/o-gee/Documents/Project-DBRIS/Code/ros2_ws/install/dbris_controller/share/ament_index/resource_index
[1.240s] creating /home/o-gee/Documents/Project-DBRIS/Code/ros2_ws/install/dbris_controller/share/ament_index/resource_index/packages
[1.240s] copying resource/dbris_controller -> /home/o-gee/Documents/Project-DBRIS/Code/ros2_ws/install/dbris_controller/share/ament_index/resource_index/packages
[1.240s] copying package.xml -> /home/o-gee/Documents/Project-DBRIS/Code/ros2_ws/install/dbris_controller/share/dbris_controller
[1.240s] running install_egg_info
[1.242s] Copying ../../build/dbris_controller/dbris_controller.egg-info to /home/o-gee/Documents/Project-DBRIS/Code/ros2_ws/install/dbris_controller/lib/python3.10/site-packages/dbris_controller-0.0.0-py3.10.egg-info
[1.244s] running install_scripts
[1.268s] writing list of installed files to '/home/o-gee/Documents/Project-DBRIS/Code/ros2_ws/build/dbris_controller/install.log'
[1.311s] Invoked command in '/home/o-gee/Documents/Project-DBRIS/Code/ros2_ws/src/dbris_controller' returned '0': PYTHONPATH=/home/o-gee/Documents/Project-DBRIS/Code/ros2_ws/build/dbris_controller/prefix_override:/home/o-gee/Documents/Project-DBRIS/Code/ros2_ws/install/dbris_controller/lib/python3.10/site-packages:${PYTHONPATH} /usr/bin/python3 setup.py egg_info --egg-base ../../build/dbris_controller build --build-base /home/o-gee/Documents/Project-DBRIS/Code/ros2_ws/build/dbris_controller/build install --record /home/o-gee/Documents/Project-DBRIS/Code/ros2_ws/build/dbris_controller/install.log --single-version-externally-managed
