[0.818s] Invoking command in '/home/o-gee/Documents/Project-DBRIS/Code/ros2_ws/src/dbris_controller': PYTHONPATH=/home/o-gee/Documents/Project-DBRIS/Code/ros2_ws/build/dbris_controller/prefix_override:/home/o-gee/Documents/Project-DBRIS/Code/ros2_ws/install/dbris_controller/lib/python3.10/site-packages:${PYTHONPATH} /usr/bin/python3 setup.py egg_info --egg-base ../../build/dbris_controller build --build-base /home/o-gee/Documents/Project-DBRIS/Code/ros2_ws/build/dbris_controller/build install --record /home/o-gee/Documents/Project-DBRIS/Code/ros2_ws/build/dbris_controller/install.log --single-version-externally-managed
[1.055s] running egg_info
[1.056s] writing ../../build/dbris_controller/dbris_controller.egg-info/PKG-INFO
[1.056s] writing dependency_links to ../../build/dbris_controller/dbris_controller.egg-info/dependency_links.txt
[1.056s] writing entry points to ../../build/dbris_controller/dbris_controller.egg-info/entry_points.txt
[1.057s] writing requirements to ../../build/dbris_controller/dbris_controller.egg-info/requires.txt
[1.057s] writing top-level names to ../../build/dbris_controller/dbris_controller.egg-info/top_level.txt
[1.059s] reading manifest file '../../build/dbris_controller/dbris_controller.egg-info/SOURCES.txt'
[1.060s] writing manifest file '../../build/dbris_controller/dbris_controller.egg-info/SOURCES.txt'
[1.061s] running build
[1.061s] running build_py
[1.063s] running install
[1.063s] running install_lib
[1.065s] running install_data
[1.067s] running install_egg_info
[1.069s] removing '/home/o-gee/Documents/Project-DBRIS/Code/ros2_ws/install/dbris_controller/lib/python3.10/site-packages/dbris_controller-0.0.0-py3.10.egg-info' (and everything under it)
[1.069s] Copying ../../build/dbris_controller/dbris_controller.egg-info to /home/o-gee/Documents/Project-DBRIS/Code/ros2_ws/install/dbris_controller/lib/python3.10/site-packages/dbris_controller-0.0.0-py3.10.egg-info
[1.071s] running install_scripts
[1.091s] Installing test_node script to /home/o-gee/Documents/Project-DBRIS/Code/ros2_ws/install/dbris_controller/lib/dbris_controller
[1.092s] writing list of installed files to '/home/o-gee/Documents/Project-DBRIS/Code/ros2_ws/build/dbris_controller/install.log'
[1.129s] Invoked command in '/home/o-gee/Documents/Project-DBRIS/Code/ros2_ws/src/dbris_controller' returned '0': PYTHONPATH=/home/o-gee/Documents/Project-DBRIS/Code/ros2_ws/build/dbris_controller/prefix_override:/home/o-gee/Documents/Project-DBRIS/Code/ros2_ws/install/dbris_controller/lib/python3.10/site-packages:${PYTHONPATH} /usr/bin/python3 setup.py egg_info --egg-base ../../build/dbris_controller build --build-base /home/o-gee/Documents/Project-DBRIS/Code/ros2_ws/build/dbris_controller/build install --record /home/o-gee/Documents/Project-DBRIS/Code/ros2_ws/build/dbris_controller/install.log --single-version-externally-managed
