[0.774s] Invoking command in '/home/o-gee/Documents/Project-DBRIS/Code/ros2_ws/src/dbris_controller': PYTHONPATH=/home/o-gee/Documents/Project-DBRIS/Code/ros2_ws/build/dbris_controller/prefix_override:/home/o-gee/Documents/Project-DBRIS/Code/ros2_ws/install/dbris_controller/lib/python3.10/site-packages:${PYTHONPATH} /usr/bin/python3 setup.py egg_info --egg-base ../../build/dbris_controller build --build-base /home/o-gee/Documents/Project-DBRIS/Code/ros2_ws/build/dbris_controller/build install --record /home/o-gee/Documents/Project-DBRIS/Code/ros2_ws/build/dbris_controller/install.log --single-version-externally-managed
[1.012s] running egg_info
[1.013s] writing ../../build/dbris_controller/dbris_controller.egg-info/PKG-INFO
[1.013s] writing dependency_links to ../../build/dbris_controller/dbris_controller.egg-info/dependency_links.txt
[1.014s] writing entry points to ../../build/dbris_controller/dbris_controller.egg-info/entry_points.txt
[1.014s] writing requirements to ../../build/dbris_controller/dbris_controller.egg-info/requires.txt
[1.014s] writing top-level names to ../../build/dbris_controller/dbris_controller.egg-info/top_level.txt
[1.016s] reading manifest file '../../build/dbris_controller/dbris_controller.egg-info/SOURCES.txt'
[1.018s] writing manifest file '../../build/dbris_controller/dbris_controller.egg-info/SOURCES.txt'
[1.018s] running build
[1.018s] running build_py
[1.018s] copying dbris_controller/my_first_node.py -> /home/o-gee/Documents/Project-DBRIS/Code/ros2_ws/build/dbris_controller/build/lib/dbris_controller
[1.018s] running install
[1.019s] running install_lib
[1.020s] copying /home/o-gee/Documents/Project-DBRIS/Code/ros2_ws/build/dbris_controller/build/lib/dbris_controller/my_first_node.py -> /home/o-gee/Documents/Project-DBRIS/Code/ros2_ws/install/dbris_controller/lib/python3.10/site-packages/dbris_controller
[1.020s] byte-compiling /home/o-gee/Documents/Project-DBRIS/Code/ros2_ws/install/dbris_controller/lib/python3.10/site-packages/dbris_controller/my_first_node.py to my_first_node.cpython-310.pyc
[1.021s] running install_data
[1.021s] running install_egg_info
[1.023s] removing '/home/o-gee/Documents/Project-DBRIS/Code/ros2_ws/install/dbris_controller/lib/python3.10/site-packages/dbris_controller-0.0.0-py3.10.egg-info' (and everything under it)
[1.023s] Copying ../../build/dbris_controller/dbris_controller.egg-info to /home/o-gee/Documents/Project-DBRIS/Code/ros2_ws/install/dbris_controller/lib/python3.10/site-packages/dbris_controller-0.0.0-py3.10.egg-info
[1.025s] running install_scripts
[1.045s] Installing test_node script to /home/o-gee/Documents/Project-DBRIS/Code/ros2_ws/install/dbris_controller/lib/dbris_controller
[1.046s] writing list of installed files to '/home/o-gee/Documents/Project-DBRIS/Code/ros2_ws/build/dbris_controller/install.log'
[1.085s] Invoked command in '/home/o-gee/Documents/Project-DBRIS/Code/ros2_ws/src/dbris_controller' returned '0': PYTHONPATH=/home/o-gee/Documents/Project-DBRIS/Code/ros2_ws/build/dbris_controller/prefix_override:/home/o-gee/Documents/Project-DBRIS/Code/ros2_ws/install/dbris_controller/lib/python3.10/site-packages:${PYTHONPATH} /usr/bin/python3 setup.py egg_info --egg-base ../../build/dbris_controller build --build-base /home/o-gee/Documents/Project-DBRIS/Code/ros2_ws/build/dbris_controller/build install --record /home/o-gee/Documents/Project-DBRIS/Code/ros2_ws/build/dbris_controller/install.log --single-version-externally-managed
