[1.237s] DEBUG:colcon:Command line arguments: ['/usr/bin/colcon', 'build', '--symlink-install']
[1.237s] DEBUG:colcon:Parsed command line arguments: Namespace(log_base=None, log_level=None, verb_name='build', build_base='build', install_base='install', merge_install=False, symlink_install=True, test_result_base=None, continue_on_error=False, executor='parallel', parallel_workers=4, event_handlers=None, ignore_user_meta=False, metas=['./colcon.meta'], base_paths=['.'], packages_ignore=None, packages_ignore_regex=None, paths=None, packages_up_to=None, packages_up_to_regex=None, packages_above=None, packages_above_and_dependencies=None, packages_above_depth=None, packages_select_by_dep=None, packages_skip_by_dep=None, packages_skip_up_to=None, packages_select_build_failed=False, packages_skip_build_finished=False, packages_select_test_failures=False, packages_skip_test_passed=False, packages_select=None, packages_skip=None, packages_select_regex=None, packages_skip_regex=None, packages_start=None, packages_end=None, allow_overriding=[], cmake_args=None, cmake_target=None, cmake_target_skip_unavailable=False, cmake_clean_cache=False, cmake_clean_first=False, cmake_force_configure=False, ament_cmake_args=None, catkin_cmake_args=None, catkin_skip_building_tests=False, verb_parser=<colcon_defaults.argument_parser.defaults.DefaultArgumentsDecorator object at 0x7fc77e7e5ab0>, verb_extension=<colcon_core.verb.build.BuildVerb object at 0x7fc77e7e51b0>, main=<bound method BuildVerb.main of <colcon_core.verb.build.BuildVerb object at 0x7fc77e7e51b0>>)
[1.335s] Level 1:colcon.colcon_core.package_discovery:discover_packages(colcon_meta) check parameters
[1.336s] Level 1:colcon.colcon_core.package_discovery:discover_packages(recursive) check parameters
[1.336s] Level 1:colcon.colcon_core.package_discovery:discover_packages(ignore) check parameters
[1.336s] Level 1:colcon.colcon_core.package_discovery:discover_packages(path) check parameters
[1.336s] Level 1:colcon.colcon_core.package_discovery:discover_packages(colcon_meta) discover
[1.336s] Level 1:colcon.colcon_core.package_discovery:discover_packages(recursive) discover
[1.336s] INFO:colcon.colcon_core.package_discovery:Crawling recursively for packages in '/home/o-gee/Documents/Project-DBRIS/Code/ros2_ws'
[1.336s] Level 1:colcon.colcon_core.package_identification:_identify(.) by extensions ['ignore', 'ignore_ament_install']
[1.336s] Level 1:colcon.colcon_core.package_identification:_identify(.) by extension 'ignore'
[1.336s] Level 1:colcon.colcon_core.package_identification:_identify(.) by extension 'ignore_ament_install'
[1.336s] Level 1:colcon.colcon_core.package_identification:_identify(.) by extensions ['colcon_pkg']
[1.337s] Level 1:colcon.colcon_core.package_identification:_identify(.) by extension 'colcon_pkg'
[1.337s] Level 1:colcon.colcon_core.package_identification:_identify(.) by extensions ['colcon_meta']
[1.337s] Level 1:colcon.colcon_core.package_identification:_identify(.) by extension 'colcon_meta'
[1.337s] Level 1:colcon.colcon_core.package_identification:_identify(.) by extensions ['ros']
[1.337s] Level 1:colcon.colcon_core.package_identification:_identify(.) by extension 'ros'
[1.363s] Level 1:colcon.colcon_core.package_identification:_identify(.) by extensions ['cmake', 'python']
[1.363s] Level 1:colcon.colcon_core.package_identification:_identify(.) by extension 'cmake'
[1.363s] Level 1:colcon.colcon_core.package_identification:_identify(.) by extension 'python'
[1.363s] Level 1:colcon.colcon_core.package_identification:_identify(.) by extensions ['python_setup_py']
[1.363s] Level 1:colcon.colcon_core.package_identification:_identify(.) by extension 'python_setup_py'
[1.364s] Level 1:colcon.colcon_core.package_identification:_identify(build) by extensions ['ignore', 'ignore_ament_install']
[1.364s] Level 1:colcon.colcon_core.package_identification:_identify(build) by extension 'ignore'
[1.364s] Level 1:colcon.colcon_core.package_identification:_identify(build) ignored
[1.364s] Level 1:colcon.colcon_core.package_identification:_identify(install) by extensions ['ignore', 'ignore_ament_install']
[1.364s] Level 1:colcon.colcon_core.package_identification:_identify(install) by extension 'ignore'
[1.364s] Level 1:colcon.colcon_core.package_identification:_identify(install) ignored
[1.365s] Level 1:colcon.colcon_core.package_identification:_identify(log) by extensions ['ignore', 'ignore_ament_install']
[1.365s] Level 1:colcon.colcon_core.package_identification:_identify(log) by extension 'ignore'
[1.365s] Level 1:colcon.colcon_core.package_identification:_identify(log) ignored
[1.365s] Level 1:colcon.colcon_core.package_identification:_identify(src) by extensions ['ignore', 'ignore_ament_install']
[1.365s] Level 1:colcon.colcon_core.package_identification:_identify(src) by extension 'ignore'
[1.365s] Level 1:colcon.colcon_core.package_identification:_identify(src) by extension 'ignore_ament_install'
[1.366s] Level 1:colcon.colcon_core.package_identification:_identify(src) by extensions ['colcon_pkg']
[1.366s] Level 1:colcon.colcon_core.package_identification:_identify(src) by extension 'colcon_pkg'
[1.366s] Level 1:colcon.colcon_core.package_identification:_identify(src) by extensions ['colcon_meta']
[1.366s] Level 1:colcon.colcon_core.package_identification:_identify(src) by extension 'colcon_meta'
[1.366s] Level 1:colcon.colcon_core.package_identification:_identify(src) by extensions ['ros']
[1.366s] Level 1:colcon.colcon_core.package_identification:_identify(src) by extension 'ros'
[1.366s] Level 1:colcon.colcon_core.package_identification:_identify(src) by extensions ['cmake', 'python']
[1.366s] Level 1:colcon.colcon_core.package_identification:_identify(src) by extension 'cmake'
[1.366s] Level 1:colcon.colcon_core.package_identification:_identify(src) by extension 'python'
[1.366s] Level 1:colcon.colcon_core.package_identification:_identify(src) by extensions ['python_setup_py']
[1.366s] Level 1:colcon.colcon_core.package_identification:_identify(src) by extension 'python_setup_py'
[1.367s] Level 1:colcon.colcon_core.package_identification:_identify(src/dbris_controller) by extensions ['ignore', 'ignore_ament_install']
[1.367s] Level 1:colcon.colcon_core.package_identification:_identify(src/dbris_controller) by extension 'ignore'
[1.367s] Level 1:colcon.colcon_core.package_identification:_identify(src/dbris_controller) by extension 'ignore_ament_install'
[1.367s] Level 1:colcon.colcon_core.package_identification:_identify(src/dbris_controller) by extensions ['colcon_pkg']
[1.367s] Level 1:colcon.colcon_core.package_identification:_identify(src/dbris_controller) by extension 'colcon_pkg'
[1.367s] Level 1:colcon.colcon_core.package_identification:_identify(src/dbris_controller) by extensions ['colcon_meta']
[1.367s] Level 1:colcon.colcon_core.package_identification:_identify(src/dbris_controller) by extension 'colcon_meta'
[1.368s] Level 1:colcon.colcon_core.package_identification:_identify(src/dbris_controller) by extensions ['ros']
[1.368s] Level 1:colcon.colcon_core.package_identification:_identify(src/dbris_controller) by extension 'ros'
[1.374s] DEBUG:colcon.colcon_core.package_identification:Package 'src/dbris_controller' with type 'ros.ament_python' and name 'dbris_controller'
[1.374s] Level 1:colcon.colcon_core.package_discovery:discover_packages(recursive) using defaults
[1.374s] Level 1:colcon.colcon_core.package_discovery:discover_packages(ignore) discover
[1.374s] Level 1:colcon.colcon_core.package_discovery:discover_packages(ignore) using defaults
[1.374s] Level 1:colcon.colcon_core.package_discovery:discover_packages(path) discover
[1.374s] Level 1:colcon.colcon_core.package_discovery:discover_packages(path) using defaults
[1.556s] Level 1:colcon.colcon_core.package_discovery:discover_packages(prefix_path) check parameters
[1.557s] Level 1:colcon.colcon_core.package_discovery:discover_packages(prefix_path) discover
[1.601s] DEBUG:colcon.colcon_installed_package_information.package_discovery:Found 1 installed packages in /home/o-gee/Documents/Project-DBRIS/Code/ros2_ws/install
[1.621s] DEBUG:colcon.colcon_installed_package_information.package_discovery:Found 270 installed packages in /opt/ros/humble
[1.623s] Level 1:colcon.colcon_core.package_discovery:discover_packages(prefix_path) using defaults
[1.811s] Level 5:colcon.colcon_core.verb:set package 'dbris_controller' build argument 'cmake_args' from command line to 'None'
[1.811s] Level 5:colcon.colcon_core.verb:set package 'dbris_controller' build argument 'cmake_target' from command line to 'None'
[1.811s] Level 5:colcon.colcon_core.verb:set package 'dbris_controller' build argument 'cmake_target_skip_unavailable' from command line to 'False'
[1.811s] Level 5:colcon.colcon_core.verb:set package 'dbris_controller' build argument 'cmake_clean_cache' from command line to 'False'
[1.811s] Level 5:colcon.colcon_core.verb:set package 'dbris_controller' build argument 'cmake_clean_first' from command line to 'False'
[1.811s] Level 5:colcon.colcon_core.verb:set package 'dbris_controller' build argument 'cmake_force_configure' from command line to 'False'
[1.811s] Level 5:colcon.colcon_core.verb:set package 'dbris_controller' build argument 'ament_cmake_args' from command line to 'None'
[1.811s] Level 5:colcon.colcon_core.verb:set package 'dbris_controller' build argument 'catkin_cmake_args' from command line to 'None'
[1.811s] Level 5:colcon.colcon_core.verb:set package 'dbris_controller' build argument 'catkin_skip_building_tests' from command line to 'False'
[1.811s] DEBUG:colcon.colcon_core.verb:Building package 'dbris_controller' with the following arguments: {'ament_cmake_args': None, 'build_base': '/home/o-gee/Documents/Project-DBRIS/Code/ros2_ws/build/dbris_controller', 'catkin_cmake_args': None, 'catkin_skip_building_tests': False, 'cmake_args': None, 'cmake_clean_cache': False, 'cmake_clean_first': False, 'cmake_force_configure': False, 'cmake_target': None, 'cmake_target_skip_unavailable': False, 'install_base': '/home/o-gee/Documents/Project-DBRIS/Code/ros2_ws/install/dbris_controller', 'merge_install': False, 'path': '/home/o-gee/Documents/Project-DBRIS/Code/ros2_ws/src/dbris_controller', 'symlink_install': True, 'test_result_base': None}
[1.828s] INFO:colcon.colcon_core.executor:Executing jobs using 'parallel' executor
[1.845s] DEBUG:colcon.colcon_parallel_executor.executor.parallel:run_until_complete
[1.846s] INFO:colcon.colcon_ros.task.ament_python.build:Building ROS package in '/home/o-gee/Documents/Project-DBRIS/Code/ros2_ws/src/dbris_controller' with build type 'ament_python'
[1.846s] Level 1:colcon.colcon_core.shell:create_environment_hook('dbris_controller', 'ament_prefix_path')
[1.872s] INFO:colcon.colcon_core.plugin_system:Skipping extension 'colcon_core.shell.bat': Not used on non-Windows systems
[1.873s] INFO:colcon.colcon_core.shell:Creating environment hook '/home/o-gee/Documents/Project-DBRIS/Code/ros2_ws/install/dbris_controller/share/dbris_controller/hook/ament_prefix_path.ps1'
[1.876s] INFO:colcon.colcon_core.shell:Creating environment descriptor '/home/o-gee/Documents/Project-DBRIS/Code/ros2_ws/install/dbris_controller/share/dbris_controller/hook/ament_prefix_path.dsv'
[1.877s] INFO:colcon.colcon_core.shell:Creating environment hook '/home/o-gee/Documents/Project-DBRIS/Code/ros2_ws/install/dbris_controller/share/dbris_controller/hook/ament_prefix_path.sh'
[1.897s] INFO:colcon.colcon_core.shell:Skip shell extension 'powershell' for command environment: Not usable outside of PowerShell
[1.897s] DEBUG:colcon.colcon_core.shell:Skip shell extension 'dsv' for command environment
[2.337s] INFO:colcon.colcon_core.task.python.build:Building Python package in '/home/o-gee/Documents/Project-DBRIS/Code/ros2_ws/src/dbris_controller'
[2.358s] INFO:colcon.colcon_core.shell:Skip shell extension 'powershell' for command environment: Not usable outside of PowerShell
[2.358s] DEBUG:colcon.colcon_core.shell:Skip shell extension 'dsv' for command environment
[2.984s] DEBUG:colcon.colcon_core.event_handler.log_command:Invoking command in '/home/o-gee/Documents/Project-DBRIS/Code/ros2_ws/build/dbris_controller': PYTHONPATH=/home/o-gee/Documents/Project-DBRIS/Code/ros2_ws/build/dbris_controller/prefix_override:/home/o-gee/Documents/Project-DBRIS/Code/ros2_ws/install/dbris_controller/lib/python3.10/site-packages:${PYTHONPATH} /usr/bin/python3 setup.py develop --editable --build-directory /home/o-gee/Documents/Project-DBRIS/Code/ros2_ws/build/dbris_controller/build --no-deps install_data
[3.626s] Level 1:colcon.colcon_core.shell:create_environment_hook('dbris_controller', 'pythonpath_develop')
[3.627s] DEBUG:colcon.colcon_core.event_handler.log_command:Invoked command in '/home/o-gee/Documents/Project-DBRIS/Code/ros2_ws/build/dbris_controller' returned '0': PYTHONPATH=/home/o-gee/Documents/Project-DBRIS/Code/ros2_ws/build/dbris_controller/prefix_override:/home/o-gee/Documents/Project-DBRIS/Code/ros2_ws/install/dbris_controller/lib/python3.10/site-packages:${PYTHONPATH} /usr/bin/python3 setup.py develop --editable --build-directory /home/o-gee/Documents/Project-DBRIS/Code/ros2_ws/build/dbris_controller/build --no-deps install_data
[3.644s] INFO:colcon.colcon_core.shell:Creating environment hook '/home/o-gee/Documents/Project-DBRIS/Code/ros2_ws/build/dbris_controller/share/dbris_controller/hook/pythonpath_develop.ps1'
[3.645s] INFO:colcon.colcon_core.shell:Creating environment descriptor '/home/o-gee/Documents/Project-DBRIS/Code/ros2_ws/build/dbris_controller/share/dbris_controller/hook/pythonpath_develop.dsv'
[3.646s] INFO:colcon.colcon_core.shell:Creating environment hook '/home/o-gee/Documents/Project-DBRIS/Code/ros2_ws/build/dbris_controller/share/dbris_controller/hook/pythonpath_develop.sh'
[3.676s] Level 1:colcon.colcon_core.environment:checking '/home/o-gee/Documents/Project-DBRIS/Code/ros2_ws/install/dbris_controller' for CMake module files
[3.676s] Level 1:colcon.colcon_core.environment:checking '/home/o-gee/Documents/Project-DBRIS/Code/ros2_ws/install/dbris_controller' for CMake config files
[3.677s] Level 1:colcon.colcon_core.environment:checking '/home/o-gee/Documents/Project-DBRIS/Code/ros2_ws/install/dbris_controller/lib'
[3.678s] Level 1:colcon.colcon_core.environment:checking '/home/o-gee/Documents/Project-DBRIS/Code/ros2_ws/install/dbris_controller/bin'
[3.678s] Level 1:colcon.colcon_core.environment:checking '/home/o-gee/Documents/Project-DBRIS/Code/ros2_ws/install/dbris_controller/lib/pkgconfig/dbris_controller.pc'
[3.678s] Level 1:colcon.colcon_core.environment:checking '/home/o-gee/Documents/Project-DBRIS/Code/ros2_ws/install/dbris_controller/lib/python3.10/site-packages'
[3.678s] Level 1:colcon.colcon_core.shell:create_environment_hook('dbris_controller', 'pythonpath')
[3.701s] INFO:colcon.colcon_core.shell:Creating environment hook '/home/o-gee/Documents/Project-DBRIS/Code/ros2_ws/install/dbris_controller/share/dbris_controller/hook/pythonpath.ps1'
[3.703s] INFO:colcon.colcon_core.shell:Creating environment descriptor '/home/o-gee/Documents/Project-DBRIS/Code/ros2_ws/install/dbris_controller/share/dbris_controller/hook/pythonpath.dsv'
[3.704s] INFO:colcon.colcon_core.shell:Creating environment hook '/home/o-gee/Documents/Project-DBRIS/Code/ros2_ws/install/dbris_controller/share/dbris_controller/hook/pythonpath.sh'
[3.706s] Level 1:colcon.colcon_core.environment:checking '/home/o-gee/Documents/Project-DBRIS/Code/ros2_ws/install/dbris_controller/bin'
[3.706s] Level 1:colcon.colcon_core.environment:create_environment_scripts_only(dbris_controller)
[3.734s] INFO:colcon.colcon_core.shell:Creating package script '/home/o-gee/Documents/Project-DBRIS/Code/ros2_ws/install/dbris_controller/share/dbris_controller/package.ps1'
[3.737s] INFO:colcon.colcon_core.shell:Creating package descriptor '/home/o-gee/Documents/Project-DBRIS/Code/ros2_ws/install/dbris_controller/share/dbris_controller/package.dsv'
[3.739s] INFO:colcon.colcon_core.shell:Creating package script '/home/o-gee/Documents/Project-DBRIS/Code/ros2_ws/install/dbris_controller/share/dbris_controller/package.sh'
[3.743s] INFO:colcon.colcon_core.shell:Creating package script '/home/o-gee/Documents/Project-DBRIS/Code/ros2_ws/install/dbris_controller/share/dbris_controller/package.bash'
[3.746s] INFO:colcon.colcon_core.shell:Creating package script '/home/o-gee/Documents/Project-DBRIS/Code/ros2_ws/install/dbris_controller/share/dbris_controller/package.zsh'
[3.749s] Level 1:colcon.colcon_core.environment:create_file_with_runtime_dependencies(/home/o-gee/Documents/Project-DBRIS/Code/ros2_ws/install/dbris_controller/share/colcon-core/packages/dbris_controller)
[3.751s] DEBUG:colcon.colcon_parallel_executor.executor.parallel:closing loop
[3.751s] DEBUG:colcon.colcon_parallel_executor.executor.parallel:loop closed
[3.752s] DEBUG:colcon.colcon_parallel_executor.executor.parallel:run_until_complete finished with '0'
[3.752s] DEBUG:colcon.colcon_core.event_reactor:joining thread
[3.795s] INFO:colcon.colcon_core.plugin_system:Skipping extension 'colcon_notification.desktop_notification.terminal_notifier': Not used on non-Darwin systems
[3.795s] INFO:colcon.colcon_core.plugin_system:Skipping extension 'colcon_notification.desktop_notification.win32': Not used on non-Windows systems
[3.795s] INFO:colcon.colcon_notification.desktop_notification:Sending desktop notification using 'notify2'
[3.955s] DEBUG:colcon.colcon_core.event_reactor:joined thread
[3.974s] INFO:colcon.colcon_core.shell:Creating prefix script '/home/o-gee/Documents/Project-DBRIS/Code/ros2_ws/install/local_setup.ps1'
[3.976s] INFO:colcon.colcon_core.shell:Creating prefix util module '/home/o-gee/Documents/Project-DBRIS/Code/ros2_ws/install/_local_setup_util_ps1.py'
[3.980s] INFO:colcon.colcon_core.shell:Creating prefix chain script '/home/o-gee/Documents/Project-DBRIS/Code/ros2_ws/install/setup.ps1'
[4.001s] INFO:colcon.colcon_core.shell:Creating prefix script '/home/o-gee/Documents/Project-DBRIS/Code/ros2_ws/install/local_setup.sh'
[4.002s] INFO:colcon.colcon_core.shell:Creating prefix util module '/home/o-gee/Documents/Project-DBRIS/Code/ros2_ws/install/_local_setup_util_sh.py'
[4.003s] INFO:colcon.colcon_core.shell:Creating prefix chain script '/home/o-gee/Documents/Project-DBRIS/Code/ros2_ws/install/setup.sh'
[4.024s] INFO:colcon.colcon_core.shell:Creating prefix script '/home/o-gee/Documents/Project-DBRIS/Code/ros2_ws/install/local_setup.bash'
[4.026s] INFO:colcon.colcon_core.shell:Creating prefix chain script '/home/o-gee/Documents/Project-DBRIS/Code/ros2_ws/install/setup.bash'
[4.045s] INFO:colcon.colcon_core.shell:Creating prefix script '/home/o-gee/Documents/Project-DBRIS/Code/ros2_ws/install/local_setup.zsh'
[4.047s] INFO:colcon.colcon_core.shell:Creating prefix chain script '/home/o-gee/Documents/Project-DBRIS/Code/ros2_ws/install/setup.zsh'
